;  LST file generated by mikroListExporter - v.2.0 
; Date/Time: 3/12/2026 9:33:01 PM
;----------------------------------------------

;Address Opcode 	ASM
0x0000	0x286F      	GOTO       111
_Delay_22us:
;__Lib_Delays.c,15 :: 		void Delay_22us() {
;__Lib_Delays.c,16 :: 		Delay_us(22);
0x0003	0x3007      	MOVLW      7
0x0004	0x1283      	BCF        STATUS, 5
0x0005	0x1303      	BCF        STATUS, 6
0x0006	0x00FD      	MOVWF      R13
L_Delay_22us1:
0x0007	0x0BFD      	DECFSZ     R13, 1
0x0008	0x2807      	GOTO       L_Delay_22us1
;__Lib_Delays.c,17 :: 		}
L_end_Delay_22us:
0x0009	0x0008      	RETURN
; end of _Delay_22us
_____DoICP:
;__Lib_System.c,6 :: 		
;__Lib_System.c,9 :: 		
0x000A	0x1283      	BCF        STATUS, 5
0x000B	0x1303      	BCF        STATUS, 6
0x000C	0x0824      	MOVF       ___DoICPAddr+1, 0
0x000D	0x008A      	MOVWF      PCLATH
;__Lib_System.c,10 :: 		
0x000E	0x0823      	MOVF       ___DoICPAddr, 0
0x000F	0x0082      	MOVWF      PCL
;__Lib_System.c,12 :: 		
L_end_____DoICP:
0x0010	0x0008      	RETURN
; end of _____DoICP
_ADC_Init:
;__Lib_ADC_A_B.c,13 :: 		
;__Lib_ADC_A_B.c,14 :: 		
0x0011	0x30FF      	MOVLW      _ADC_Get_Sample
0x0012	0x1283      	BCF        STATUS, 5
0x0013	0x1303      	BCF        STATUS, 6
0x0014	0x00A7      	MOVWF      _ADC_Get_Sample_Ptr
0x0015	0x30FF      	MOVLW      hi_addr(_ADC_Get_Sample)
0x0016	0x00A8      	MOVWF      _ADC_Get_Sample_Ptr+1
0x0017	0x30FF      	MOVLW      FARG_ADC_Get_Sample_channel
0x0018	0x00A9      	MOVWF      _ADC_Get_Sample_Ptr+2
0x0019	0x30FF      	MOVLW      hi_addr(FARG_ADC_Get_Sample_channel)
;__Lib_ADC_A_B.c,16 :: 		
0x001A	0x30C3      	MOVLW      195
0x001B	0x059F      	ANDWF      ADCON0, 1
;__Lib_ADC_A_B.c,21 :: 		
0x001C	0x0922      	COMF       _vref_mask, 0
0x001D	0x00F0      	MOVWF      R0
0x001E	0x0870      	MOVF       R0, 0
0x001F	0x059F      	ANDWF      ADCON0, 1
;__Lib_ADC_A_B.c,22 :: 		
0x0020	0x30F0      	MOVLW      240
0x0021	0x1683      	BSF        STATUS, 5
0x0022	0x049F      	IORWF      ADCON1, 1
;__Lib_ADC_A_B.c,23 :: 		
0x0023	0x1283      	BCF        STATUS, 5
0x0024	0x179F      	BSF        ADCON0, 7
;__Lib_ADC_A_B.c,25 :: 		
0x0025	0x141F      	BSF        ADCON0, 0
;__Lib_ADC_A_B.c,26 :: 		
L_end_ADC_Init:
0x0026	0x0008      	RETURN
; end of _ADC_Init
_ADC_Read:
;__Lib_ADC_A_B.c,68 :: 		
;__Lib_ADC_A_B.c,70 :: 		
0x0027	0x30C3      	MOVLW      195
0x0028	0x1283      	BCF        STATUS, 5
0x0029	0x1303      	BCF        STATUS, 6
0x002A	0x059F      	ANDWF      ADCON0, 1
;__Lib_ADC_A_B.c,75 :: 		
0x002B	0x0922      	COMF       _vref_mask, 0
0x002C	0x00F0      	MOVWF      R0
0x002D	0x0870      	MOVF       R0, 0
0x002E	0x059F      	ANDWF      ADCON0, 1
;__Lib_ADC_A_B.c,76 :: 		
0x002F	0x30F0      	MOVLW      240
0x0030	0x1683      	BSF        STATUS, 5
0x0031	0x049F      	IORWF      ADCON1, 1
;__Lib_ADC_A_B.c,77 :: 		
0x0032	0x1283      	BCF        STATUS, 5
0x0033	0x179F      	BSF        ADCON0, 7
;__Lib_ADC_A_B.c,78 :: 		
0x0034	0x082A      	MOVF       FARG_ADC_Read_channel, 0
0x0035	0x00F0      	MOVWF      R0
0x0036	0x0DF0      	RLF        R0, 1
0x0037	0x1070      	BCF        R0, 0
0x0038	0x0DF0      	RLF        R0, 1
0x0039	0x1070      	BCF        R0, 0
0x003A	0x0870      	MOVF       R0, 0
0x003B	0x049F      	IORWF      ADCON0, 1
;__Lib_ADC_A_B.c,81 :: 		
0x003C	0x141F      	BSF        ADCON0, 0
;__Lib_ADC_A_B.c,84 :: 		
0x003D	0x2003      	CALL       _Delay_22us
;__Lib_ADC_A_B.c,87 :: 		
0x003E	0x149F      	BSF        ADCON0, 1
;__Lib_ADC_A_B.c,90 :: 		
L_ADC_Read2:
0x003F	0x1C9F      	BTFSS      ADCON0, 1
0x0040	0x2843      	GOTO       L_ADC_Read3
;__Lib_ADC_A_B.c,91 :: 		
0x0041	0x0000      	NOP
0x0042	0x283F      	GOTO       L_ADC_Read2
L_ADC_Read3:
;__Lib_ADC_A_B.c,94 :: 		
0x0043	0x101F      	BCF        ADCON0, 0
;__Lib_ADC_A_B.c,97 :: 		
0x0044	0x081E      	MOVF       ADRESH, 0
0x0045	0x00F1      	MOVWF      R0+1
0x0046	0x01F0      	CLRF       R0
0x0047	0x1683      	BSF        STATUS, 5
0x0048	0x081E      	MOVF       ADRESL, 0
0x0049	0x04F0      	IORWF      R0, 1
0x004A	0x3000      	MOVLW      0
0x004B	0x04F1      	IORWF      R0+1, 1
;__Lib_ADC_A_B.c,98 :: 		
L_end_ADC_Read:
0x004C	0x0008      	RETURN
; end of _ADC_Read
___CC2DW:
;__Lib_System.c,134 :: 		
;__Lib_System.c,137 :: 		
_CC2D_Loop1:
;__Lib_System.c,139 :: 		
0x004D	0x200A      	CALL       _____DoICP
0x004E	0x118A      	BCF        PCLATH, 3
0x004F	0x120A      	BCF        PCLATH, 4
;__Lib_System.c,141 :: 		
0x0050	0x0080      	MOVWF      INDF
;__Lib_System.c,142 :: 		
0x0051	0x0A84      	INCF       FSR, 1
;__Lib_System.c,143 :: 		
0x0052	0x0AA3      	INCF       ___DoICPAddr, 1
;__Lib_System.c,145 :: 		
0x0053	0x1903      	BTFSC      STATUS, 2
;__Lib_System.c,146 :: 		
0x0054	0x0AA4      	INCF       ___DoICPAddr+1, 1
;__Lib_System.c,147 :: 		
0x0055	0x03F0      	DECF       R0, 1
;__Lib_System.c,149 :: 		
0x0056	0x1D03      	BTFSS      STATUS, 2
;__Lib_System.c,150 :: 		
0x0057	0x284D      	GOTO       _CC2D_Loop1
;__Lib_System.c,152 :: 		
L_end___CC2DW:
0x0058	0x0008      	RETURN
; end of ___CC2DW
_Init_Sistema:
;P2A1.c,29 :: 		void Init_Sistema() {
;P2A1.c,32 :: 		OSCCON = 0b01100111; // Clock 4MHz
0x0059	0x3067      	MOVLW      103
0x005A	0x1683      	BSF        STATUS, 5
0x005B	0x1303      	BCF        STATUS, 6
0x005C	0x008F      	MOVWF      OSCCON
;P2A1.c,36 :: 		ANSEL = 0b00000001;
0x005D	0x3001      	MOVLW      1
0x005E	0x1283      	BCF        STATUS, 5
0x005F	0x1703      	BSF        STATUS, 6
0x0060	0x009E      	MOVWF      ANSEL
;P2A1.c,37 :: 		ANSELH = 0x00;
0x0061	0x019F      	CLRF       ANSELH
;P2A1.c,39 :: 		TRISA = 0b00000001;
0x0062	0x3001      	MOVLW      1
0x0063	0x1683      	BSF        STATUS, 5
0x0064	0x1303      	BCF        STATUS, 6
0x0065	0x0085      	MOVWF      TRISA
;P2A1.c,40 :: 		TRISB = 0x00;
0x0066	0x0186      	CLRF       TRISB
;P2A1.c,41 :: 		TRISC = 0b00100000; // El RC5 sea entrada
0x0067	0x3020      	MOVLW      32
0x0068	0x0087      	MOVWF      TRISC
;P2A1.c,43 :: 		PORTA = 0x00;
0x0069	0x1283      	BCF        STATUS, 5
0x006A	0x0185      	CLRF       PORTA
;P2A1.c,44 :: 		PORTB = 0x00;
0x006B	0x0186      	CLRF       PORTB
;P2A1.c,45 :: 		PORTC = 0x00;
0x006C	0x0187      	CLRF       PORTC
;P2A1.c,47 :: 		ADC_Init();
0x006D	0x2011      	CALL       _ADC_Init
;P2A1.c,48 :: 		}
L_end_Init_Sistema:
0x006E	0x0008      	RETURN
; end of _Init_Sistema
_main:
0x006F	0x20E8      	CALL       232
;P2A1.c,50 :: 		void main() {
;P2A1.c,51 :: 		Init_Sistema();
0x0070	0x2059      	CALL       _Init_Sistema
;P2A1.c,53 :: 		while(1) {
L_main0:
;P2A1.c,57 :: 		if (BOTON == 1) {
0x0071	0x1E87      	BTFSS      PORTC, 5
0x0072	0x2889      	GOTO       L_main2
;P2A1.c,58 :: 		Delay_ms(100);
0x0073	0x3082      	MOVLW      130
0x0074	0x00FC      	MOVWF      R12
0x0075	0x30DD      	MOVLW      221
0x0076	0x00FD      	MOVWF      R13
L_main3:
0x0077	0x0BFD      	DECFSZ     R13, 1
0x0078	0x2877      	GOTO       L_main3
0x0079	0x0BFC      	DECFSZ     R12, 1
0x007A	0x2877      	GOTO       L_main3
0x007B	0x0000      	NOP
0x007C	0x0000      	NOP
;P2A1.c,59 :: 		activo = !activo;
0x007D	0x0820      	MOVF       _activo, 0
0x007E	0x0421      	IORWF      _activo+1, 0
0x007F	0x3001      	MOVLW      1
0x0080	0x1D03      	BTFSS      STATUS, 2
0x0081	0x3000      	MOVLW      0
0x0082	0x00A0      	MOVWF      _activo
0x0083	0x00A1      	MOVWF      _activo+1
0x0084	0x3000      	MOVLW      0
0x0085	0x00A1      	MOVWF      _activo+1
;P2A1.c,60 :: 		while (BOTON == 1);
L_main4:
0x0086	0x1E87      	BTFSS      PORTC, 5
0x0087	0x2889      	GOTO       L_main5
0x0088	0x2886      	GOTO       L_main4
L_main5:
;P2A1.c,61 :: 		}
L_main2:
;P2A1.c,63 :: 		if (activo == 1) {
0x0089	0x3000      	MOVLW      0
0x008A	0x0621      	XORWF      _activo+1, 0
0x008B	0x1D03      	BTFSS      STATUS, 2
0x008C	0x288F      	GOTO       L__main19
0x008D	0x3001      	MOVLW      1
0x008E	0x0620      	XORWF      _activo, 0
L__main19:
0x008F	0x1D03      	BTFSS      STATUS, 2
0x0090	0x28D3      	GOTO       L_main6
;P2A1.c,64 :: 		valor_adc = ADC_Read(0); // Lectura del ADC
0x0091	0x01AA      	CLRF       FARG_ADC_Read_channel
0x0092	0x2027      	CALL       _ADC_Read
0x0093	0x0870      	MOVF       R0, 0
0x0094	0x1283      	BCF        STATUS, 5
0x0095	0x00A5      	MOVWF      _valor_adc
0x0096	0x0871      	MOVF       R0+1, 0
0x0097	0x00A6      	MOVWF      _valor_adc+1
;P2A1.c,67 :: 		PORTC = 0b11100000;
0x0098	0x30E0      	MOVLW      224
0x0099	0x0087      	MOVWF      PORTC
;P2A1.c,69 :: 		if (valor_adc < 205) { // 0 a 1 V
0x009A	0x3080      	MOVLW      128
0x009B	0x0671      	XORWF      R0+1, 0
0x009C	0x00F2      	MOVWF      R2
0x009D	0x3080      	MOVLW      128
0x009E	0x0272      	SUBWF      R2, 0
0x009F	0x1D03      	BTFSS      STATUS, 2
0x00A0	0x28A3      	GOTO       L__main20
0x00A1	0x30CD      	MOVLW      205
0x00A2	0x0270      	SUBWF      R0, 0
L__main20:
0x00A3	0x1803      	BTFSC      STATUS, 0
0x00A4	0x28A7      	GOTO       L_main7
;P2A1.c,70 :: 		LED0 = 1;
0x00A5	0x1407      	BSF        PORTC, 0
;P2A1.c,71 :: 		}
0x00A6	0x28D2      	GOTO       L_main8
L_main7:
;P2A1.c,72 :: 		else if (valor_adc < 410){  // 1 a 2 V
0x00A7	0x3080      	MOVLW      128
0x00A8	0x0626      	XORWF      _valor_adc+1, 0
0x00A9	0x00F0      	MOVWF      R0
0x00AA	0x3080      	MOVLW      128
0x00AB	0x3A01      	XORLW      1
0x00AC	0x0270      	SUBWF      R0, 0
0x00AD	0x1D03      	BTFSS      STATUS, 2
0x00AE	0x28B1      	GOTO       L__main21
0x00AF	0x309A      	MOVLW      154
0x00B0	0x0225      	SUBWF      _valor_adc, 0
L__main21:
0x00B1	0x1803      	BTFSC      STATUS, 0
0x00B2	0x28B5      	GOTO       L_main9
;P2A1.c,73 :: 		LED1 = 1;}
0x00B3	0x1487      	BSF        PORTC, 1
0x00B4	0x28D2      	GOTO       L_main10
L_main9:
;P2A1.c,74 :: 		else if (valor_adc < 615){  // 2 a 3V
0x00B5	0x3080      	MOVLW      128
0x00B6	0x0626      	XORWF      _valor_adc+1, 0
0x00B7	0x00F0      	MOVWF      R0
0x00B8	0x3080      	MOVLW      128
0x00B9	0x3A02      	XORLW      2
0x00BA	0x0270      	SUBWF      R0, 0
0x00BB	0x1D03      	BTFSS      STATUS, 2
0x00BC	0x28BF      	GOTO       L__main22
0x00BD	0x3067      	MOVLW      103
0x00BE	0x0225      	SUBWF      _valor_adc, 0
L__main22:
0x00BF	0x1803      	BTFSC      STATUS, 0
0x00C0	0x28C3      	GOTO       L_main11
;P2A1.c,75 :: 		LED2 = 1;}
0x00C1	0x1507      	BSF        PORTC, 2
0x00C2	0x28D2      	GOTO       L_main12
L_main11:
;P2A1.c,76 :: 		else if (valor_adc < 820){  // 3 a 4V
0x00C3	0x3080      	MOVLW      128
0x00C4	0x0626      	XORWF      _valor_adc+1, 0
0x00C5	0x00F0      	MOVWF      R0
0x00C6	0x3080      	MOVLW      128
0x00C7	0x3A03      	XORLW      3
0x00C8	0x0270      	SUBWF      R0, 0
0x00C9	0x1D03      	BTFSS      STATUS, 2
0x00CA	0x28CD      	GOTO       L__main23
0x00CB	0x3034      	MOVLW      52
0x00CC	0x0225      	SUBWF      _valor_adc, 0
L__main23:
0x00CD	0x1803      	BTFSC      STATUS, 0
0x00CE	0x28D1      	GOTO       L_main13
;P2A1.c,77 :: 		LED3 = 1;}
0x00CF	0x1587      	BSF        PORTC, 3
0x00D0	0x28D2      	GOTO       L_main14
L_main13:
;P2A1.c,79 :: 		LED4 = 1;
0x00D1	0x1607      	BSF        PORTC, 4
;P2A1.c,80 :: 		}
L_main14:
L_main12:
L_main10:
L_main8:
;P2A1.c,82 :: 		} else {
0x00D2	0x28D5      	GOTO       L_main15
L_main6:
;P2A1.c,84 :: 		PORTC = 0b11100000; // Para apagar todo
0x00D3	0x30E0      	MOVLW      224
0x00D4	0x0087      	MOVWF      PORTC
;P2A1.c,85 :: 		}
L_main15:
;P2A1.c,87 :: 		Delay_ms(20);
0x00D5	0x301A      	MOVLW      26
0x00D6	0x00FC      	MOVWF      R12
0x00D7	0x30F8      	MOVLW      248
0x00D8	0x00FD      	MOVWF      R13
L_main16:
0x00D9	0x0BFD      	DECFSZ     R13, 1
0x00DA	0x28D9      	GOTO       L_main16
0x00DB	0x0BFC      	DECFSZ     R12, 1
0x00DC	0x28D9      	GOTO       L_main16
0x00DD	0x0000      	NOP
;P2A1.c,88 :: 		}
0x00DE	0x2871      	GOTO       L_main0
;P2A1.c,89 :: 		}
L_end_main:
0x00DF	0x28DF      	GOTO       $+0
; end of _main
0x00E8	0x3020      	MOVLW      32
0x00E9	0x0084      	MOVWF      FSR
0x00EA	0x3003      	MOVLW      3
0x00EB	0x1283      	BCF        STATUS, 5
0x00EC	0x1303      	BCF        STATUS, 6
0x00ED	0x00F0      	MOVWF      R0
0x00EE	0x30E5      	MOVLW      229
0x00EF	0x00A3      	MOVWF      ___DoICPAddr
0x00F0	0x3000      	MOVLW      0
0x00F1	0x00A4      	MOVWF      36
0x00F2	0x204D      	CALL       77
0x00F3	0x0008      	RETURN
;P2A1.c,0 :: ?ICS_activo
0x00E5	0x3401 ;?ICS_activo+0
0x00E6	0x3400 ;?ICS_activo+1
; end of ?ICS_activo
;__Lib_ADC_A_B.c,0 :: ?ICS_vref_mask
0x00E7	0x3440 ;?ICS_vref_mask+0
; end of ?ICS_vref_mask
Symbol List:
//** Routines locations **
//ADDRESS    SIZE    PROCEDURE
//----------------------------------------------
0x0003       [7]    _Delay_22us
0x000A       [7]    _____DoICP
0x0011      [22]    _ADC_Init
0x0027      [38]    _ADC_Read
0x004D      [12]    ___CC2DW
0x0059      [22]    _Init_Sistema
0x006F     [112]    _main
//** Variables locations ** 
//ADDRESS    SIZE    VARIABLE
//----------------------------------------------
0x0000       [1]    INDF
0x0002       [1]    PCL
0x0003       [1]    STATUS
0x0004       [1]    FSR
0x0005       [1]    PORTA
0x0006       [1]    PORTB
0x0007       [1]    PORTC
0x000A       [1]    PCLATH
0x001E       [1]    ADRESH
0x001F       [1]    ADCON0
0x0020       [2]    _activo
0x0022       [1]    _vref_mask
0x0023       [2]    ___DoICPAddr
0x0025       [2]    _valor_adc
0x0027       [3]    _ADC_Get_Sample_Ptr
0x002A       [1]    FARG_ADC_Read_channel
0x0070       [1]    R0
0x0071       [1]    R1
0x0072       [1]    R2
0x0073       [1]    R3
0x0074       [1]    R4
0x0075       [1]    R5
0x0076       [1]    R6
0x0077       [1]    R7
0x0078       [1]    R8
0x0079       [1]    R9
0x007A       [1]    R10
0x007B       [1]    R11
0x007C       [1]    R12
0x007D       [1]    R13
0x007E       [1]    R14
0x007F       [1]    R15
0x0085       [1]    TRISA
0x0086       [1]    TRISB
0x0087       [1]    TRISC
0x008F       [1]    OSCCON
0x009E       [1]    ADRESL
0x009F       [1]    ADCON1
0x011E       [1]    ANSEL
0x011F       [1]    ANSELH
//** Constants locations ** 
//ADDRESS    SIZE    CONSTANT
//----------------------------------------------
0x00E5       [2]    ?ICS_activo
0x00E7       [1]    ?ICS_vref_mask
